Determining size of off64_t failed with the following output:
Change Dir: /Users/aaronkarp/Documents/Research/Summer2016/GraphingPad/opencv-2.4.13/SharedLibs/CMakeFiles/CMakeTmp

Run Build Command:"/usr/bin/make" "cmTC_eb32d/fast"
/Applications/Xcode.app/Contents/Developer/usr/bin/make -f CMakeFiles/cmTC_eb32d.dir/build.make CMakeFiles/cmTC_eb32d.dir/build
Building C object CMakeFiles/cmTC_eb32d.dir/OFF64_T.c.o
/Applications/Xcode.app/Contents/Developer/Toolchains/XcodeDefault.xctoolchain/usr/bin/cc    -fsigned-char -W -Werror=return-type -Werror=address -Werror=sequence-point -Wformat -Werror=format-security -Wmissing-declarations -Wmissing-prototypes -Wstrict-prototypes -Wundef -Winit-self -Wpointer-arith -Wshadow -Wsign-promo -Wno-narrowing -Wno-delete-non-virtual-dtor -Wno-unnamed-type-template-args -Wno-array-bounds -fdiagnostics-show-option -Wno-long-long -Wno-semicolon-before-method-body -fno-omit-frame-pointer -msse -msse2 -msse3  -O3 -DNDEBUG   -o CMakeFiles/cmTC_eb32d.dir/OFF64_T.c.o   -c /Users/aaronkarp/Documents/Research/Summer2016/GraphingPad/opencv-2.4.13/SharedLibs/CMakeFiles/CheckTypeSize/OFF64_T.c
/Users/aaronkarp/Documents/Research/Summer2016/GraphingPad/opencv-2.4.13/SharedLibs/CMakeFiles/CheckTypeSize/OFF64_T.c:19:12: error: use of undeclared identifier 'off64_t'
  ('0' + ((SIZE / 10000)%10)),
           ^
/Users/aaronkarp/Documents/Research/Summer2016/GraphingPad/opencv-2.4.13/SharedLibs/CMakeFiles/CheckTypeSize/OFF64_T.c:17:22: note: expanded from macro 'SIZE'
#define SIZE (sizeof(off64_t))
                     ^
/Users/aaronkarp/Documents/Research/Summer2016/GraphingPad/opencv-2.4.13/SharedLibs/CMakeFiles/CheckTypeSize/OFF64_T.c:20:12: error: use of undeclared identifier 'off64_t'
  ('0' + ((SIZE / 1000)%10)),
           ^
/Users/aaronkarp/Documents/Research/Summer2016/GraphingPad/opencv-2.4.13/SharedLibs/CMakeFiles/CheckTypeSize/OFF64_T.c:17:22: note: expanded from macro 'SIZE'
#define SIZE (sizeof(off64_t))
                     ^
/Users/aaronkarp/Documents/Research/Summer2016/GraphingPad/opencv-2.4.13/SharedLibs/CMakeFiles/CheckTypeSize/OFF64_T.c:21:12: error: use of undeclared identifier 'off64_t'
  ('0' + ((SIZE / 100)%10)),
           ^
/Users/aaronkarp/Documents/Research/Summer2016/GraphingPad/opencv-2.4.13/SharedLibs/CMakeFiles/CheckTypeSize/OFF64_T.c:17:22: note: expanded from macro 'SIZE'
#define SIZE (sizeof(off64_t))
                     ^
/Users/aaronkarp/Documents/Research/Summer2016/GraphingPad/opencv-2.4.13/SharedLibs/CMakeFiles/CheckTypeSize/OFF64_T.c:22:12: error: use of undeclared identifier 'off64_t'
  ('0' + ((SIZE / 10)%10)),
           ^
/Users/aaronkarp/Documents/Research/Summer2016/GraphingPad/opencv-2.4.13/SharedLibs/CMakeFiles/CheckTypeSize/OFF64_T.c:17:22: note: expanded from macro 'SIZE'
#define SIZE (sizeof(off64_t))
                     ^
/Users/aaronkarp/Documents/Research/Summer2016/GraphingPad/opencv-2.4.13/SharedLibs/CMakeFiles/CheckTypeSize/OFF64_T.c:23:12: error: use of undeclared identifier 'off64_t'
  ('0' +  (SIZE    % 10)),
           ^
/Users/aaronkarp/Documents/Research/Summer2016/GraphingPad/opencv-2.4.13/SharedLibs/CMakeFiles/CheckTypeSize/OFF64_T.c:17:22: note: expanded from macro 'SIZE'
#define SIZE (sizeof(off64_t))
                     ^
5 errors generated.
make[1]: *** [CMakeFiles/cmTC_eb32d.dir/OFF64_T.c.o] Error 1
make: *** [cmTC_eb32d/fast] Error 2

/Users/aaronkarp/Documents/Research/Summer2016/GraphingPad/opencv-2.4.13/SharedLibs/CMakeFiles/CheckTypeSize/OFF64_T.c:
#include <sys/types.h>
#include <stdint.h>
#include <stddef.h>


#undef KEY
#if defined(__i386)
# define KEY '_','_','i','3','8','6'
#elif defined(__x86_64)
# define KEY '_','_','x','8','6','_','6','4'
#elif defined(__ppc__)
# define KEY '_','_','p','p','c','_','_'
#elif defined(__ppc64__)
# define KEY '_','_','p','p','c','6','4','_','_'
#endif

#define SIZE (sizeof(off64_t))
char info_size[] =  {'I', 'N', 'F', 'O', ':', 's','i','z','e','[',
  ('0' + ((SIZE / 10000)%10)),
  ('0' + ((SIZE / 1000)%10)),
  ('0' + ((SIZE / 100)%10)),
  ('0' + ((SIZE / 10)%10)),
  ('0' +  (SIZE    % 10)),
  ']',
#ifdef KEY
  ' ','k','e','y','[', KEY, ']',
#endif
  '\0'};

#ifdef __CLASSIC_C__
int main(argc, argv) int argc; char *argv[];
#else
int main(int argc, char *argv[])
#endif
{
  int require = 0;
  require += info_size[argc];
  (void)argv;
  return require;
}


Determining if the include file io.h exists failed with the following output:
Change Dir: /Users/aaronkarp/Documents/Research/Summer2016/GraphingPad/opencv-2.4.13/SharedLibs/CMakeFiles/CMakeTmp

Run Build Command:"/usr/bin/make" "cmTC_dda78/fast"
/Applications/Xcode.app/Contents/Developer/usr/bin/make -f CMakeFiles/cmTC_dda78.dir/build.make CMakeFiles/cmTC_dda78.dir/build
Building C object CMakeFiles/cmTC_dda78.dir/CheckIncludeFile.c.o
/Applications/Xcode.app/Contents/Developer/Toolchains/XcodeDefault.xctoolchain/usr/bin/cc    -fsigned-char -W -Werror=return-type -Werror=address -Werror=sequence-point -Wformat -Werror=format-security -Wmissing-declarations -Wmissing-prototypes -Wstrict-prototypes -Wundef -Winit-self -Wpointer-arith -Wshadow -Wsign-promo -Wno-narrowing -Wno-delete-non-virtual-dtor -Wno-unnamed-type-template-args -Wno-array-bounds -fdiagnostics-show-option -Wno-long-long -Wno-semicolon-before-method-body -fno-omit-frame-pointer -msse -msse2 -msse3  -O3 -DNDEBUG   -o CMakeFiles/cmTC_dda78.dir/CheckIncludeFile.c.o   -c /Users/aaronkarp/Documents/Research/Summer2016/GraphingPad/opencv-2.4.13/SharedLibs/CMakeFiles/CMakeTmp/CheckIncludeFile.c
/Users/aaronkarp/Documents/Research/Summer2016/GraphingPad/opencv-2.4.13/SharedLibs/CMakeFiles/CMakeTmp/CheckIncludeFile.c:1:10: fatal error: 'io.h' file not found
#include <io.h>
         ^
1 error generated.
make[1]: *** [CMakeFiles/cmTC_dda78.dir/CheckIncludeFile.c.o] Error 1
make: *** [cmTC_dda78/fast] Error 2


Determining if the function jbg_newlen exists failed with the following output:
Change Dir: /Users/aaronkarp/Documents/Research/Summer2016/GraphingPad/opencv-2.4.13/SharedLibs/CMakeFiles/CMakeTmp

Run Build Command:"/usr/bin/make" "cmTC_cd292/fast"
/Applications/Xcode.app/Contents/Developer/usr/bin/make -f CMakeFiles/cmTC_cd292.dir/build.make CMakeFiles/cmTC_cd292.dir/build
Building C object CMakeFiles/cmTC_cd292.dir/CheckFunctionExists.c.o
/Applications/Xcode.app/Contents/Developer/Toolchains/XcodeDefault.xctoolchain/usr/bin/cc    -fsigned-char -W -Werror=return-type -Werror=address -Werror=sequence-point -Wformat -Werror=format-security -Wmissing-declarations -Wmissing-prototypes -Wstrict-prototypes -Wundef -Winit-self -Wpointer-arith -Wshadow -Wsign-promo -Wno-narrowing -Wno-delete-non-virtual-dtor -Wno-unnamed-type-template-args -Wno-array-bounds -fdiagnostics-show-option -Wno-long-long -Wno-semicolon-before-method-body -fno-omit-frame-pointer -msse -msse2 -msse3 -DCHECK_FUNCTION_EXISTS=jbg_newlen -O3 -DNDEBUG   -o CMakeFiles/cmTC_cd292.dir/CheckFunctionExists.c.o   -c /Applications/CMake.app/Contents/share/cmake-3.6/Modules/CheckFunctionExists.c
Linking C executable cmTC_cd292
/Applications/CMake.app/Contents/bin/cmake -E cmake_link_script CMakeFiles/cmTC_cd292.dir/link.txt --verbose=1
/Applications/Xcode.app/Contents/Developer/Toolchains/XcodeDefault.xctoolchain/usr/bin/cc     -fsigned-char -W -Werror=return-type -Werror=address -Werror=sequence-point -Wformat -Werror=format-security -Wmissing-declarations -Wmissing-prototypes -Wstrict-prototypes -Wundef -Winit-self -Wpointer-arith -Wshadow -Wsign-promo -Wno-narrowing -Wno-delete-non-virtual-dtor -Wno-unnamed-type-template-args -Wno-array-bounds -fdiagnostics-show-option -Wno-long-long -Wno-semicolon-before-method-body -fno-omit-frame-pointer -msse -msse2 -msse3 -DCHECK_FUNCTION_EXISTS=jbg_newlen -O3 -DNDEBUG -Wl,-search_paths_first -Wl,-headerpad_max_install_names   CMakeFiles/cmTC_cd292.dir/CheckFunctionExists.c.o  -o cmTC_cd292  
Undefined symbols for architecture x86_64:
  "_jbg_newlen", referenced from:
      _main in CheckFunctionExists.c.o
ld: symbol(s) not found for architecture x86_64
clang: error: linker command failed with exit code 1 (use -v to see invocation)
make[1]: *** [cmTC_cd292] Error 1
make: *** [cmTC_cd292/fast] Error 2


Determining if the include file linux/videodev.h exists failed with the following output:
Change Dir: /Users/aaronkarp/Documents/Research/Summer2016/GraphingPad/opencv-2.4.13/SharedLibs/CMakeFiles/CMakeTmp

Run Build Command:"/usr/bin/make" "cmTC_30459/fast"
/Applications/Xcode.app/Contents/Developer/usr/bin/make -f CMakeFiles/cmTC_30459.dir/build.make CMakeFiles/cmTC_30459.dir/build
Building C object CMakeFiles/cmTC_30459.dir/CheckIncludeFile.c.o
/Applications/Xcode.app/Contents/Developer/Toolchains/XcodeDefault.xctoolchain/usr/bin/cc    -fsigned-char -W -Werror=return-type -Werror=address -Werror=sequence-point -Wformat -Werror=format-security -Wmissing-declarations -Wmissing-prototypes -Wstrict-prototypes -Wundef -Winit-self -Wpointer-arith -Wshadow -Wsign-promo -Wno-narrowing -Wno-delete-non-virtual-dtor -Wno-unnamed-type-template-args -Wno-array-bounds -fdiagnostics-show-option -Wno-long-long -Wno-semicolon-before-method-body -fno-omit-frame-pointer -msse -msse2 -msse3  -O3 -DNDEBUG   -o CMakeFiles/cmTC_30459.dir/CheckIncludeFile.c.o   -c /Users/aaronkarp/Documents/Research/Summer2016/GraphingPad/opencv-2.4.13/SharedLibs/CMakeFiles/CMakeTmp/CheckIncludeFile.c
/Users/aaronkarp/Documents/Research/Summer2016/GraphingPad/opencv-2.4.13/SharedLibs/CMakeFiles/CMakeTmp/CheckIncludeFile.c:1:10: fatal error: 'linux/videodev.h' file not found
#include <linux/videodev.h>
         ^
1 error generated.
make[1]: *** [CMakeFiles/cmTC_30459.dir/CheckIncludeFile.c.o] Error 1
make: *** [cmTC_30459/fast] Error 2


Determining if the include file linux/videodev2.h exists failed with the following output:
Change Dir: /Users/aaronkarp/Documents/Research/Summer2016/GraphingPad/opencv-2.4.13/SharedLibs/CMakeFiles/CMakeTmp

Run Build Command:"/usr/bin/make" "cmTC_cb97a/fast"
/Applications/Xcode.app/Contents/Developer/usr/bin/make -f CMakeFiles/cmTC_cb97a.dir/build.make CMakeFiles/cmTC_cb97a.dir/build
Building C object CMakeFiles/cmTC_cb97a.dir/CheckIncludeFile.c.o
/Applications/Xcode.app/Contents/Developer/Toolchains/XcodeDefault.xctoolchain/usr/bin/cc    -fsigned-char -W -Werror=return-type -Werror=address -Werror=sequence-point -Wformat -Werror=format-security -Wmissing-declarations -Wmissing-prototypes -Wstrict-prototypes -Wundef -Winit-self -Wpointer-arith -Wshadow -Wsign-promo -Wno-narrowing -Wno-delete-non-virtual-dtor -Wno-unnamed-type-template-args -Wno-array-bounds -fdiagnostics-show-option -Wno-long-long -Wno-semicolon-before-method-body -fno-omit-frame-pointer -msse -msse2 -msse3  -O3 -DNDEBUG   -o CMakeFiles/cmTC_cb97a.dir/CheckIncludeFile.c.o   -c /Users/aaronkarp/Documents/Research/Summer2016/GraphingPad/opencv-2.4.13/SharedLibs/CMakeFiles/CMakeTmp/CheckIncludeFile.c
/Users/aaronkarp/Documents/Research/Summer2016/GraphingPad/opencv-2.4.13/SharedLibs/CMakeFiles/CMakeTmp/CheckIncludeFile.c:1:10: fatal error: 'linux/videodev2.h' file not found
#include <linux/videodev2.h>
         ^
1 error generated.
make[1]: *** [CMakeFiles/cmTC_cb97a.dir/CheckIncludeFile.c.o] Error 1
make: *** [cmTC_cb97a/fast] Error 2


Determining if the include file sys/videoio.h exists failed with the following output:
Change Dir: /Users/aaronkarp/Documents/Research/Summer2016/GraphingPad/opencv-2.4.13/SharedLibs/CMakeFiles/CMakeTmp

Run Build Command:"/usr/bin/make" "cmTC_d00cd/fast"
/Applications/Xcode.app/Contents/Developer/usr/bin/make -f CMakeFiles/cmTC_d00cd.dir/build.make CMakeFiles/cmTC_d00cd.dir/build
Building C object CMakeFiles/cmTC_d00cd.dir/CheckIncludeFile.c.o
/Applications/Xcode.app/Contents/Developer/Toolchains/XcodeDefault.xctoolchain/usr/bin/cc    -fsigned-char -W -Werror=return-type -Werror=address -Werror=sequence-point -Wformat -Werror=format-security -Wmissing-declarations -Wmissing-prototypes -Wstrict-prototypes -Wundef -Winit-self -Wpointer-arith -Wshadow -Wsign-promo -Wno-narrowing -Wno-delete-non-virtual-dtor -Wno-unnamed-type-template-args -Wno-array-bounds -fdiagnostics-show-option -Wno-long-long -Wno-semicolon-before-method-body -fno-omit-frame-pointer -msse -msse2 -msse3  -O3 -DNDEBUG   -o CMakeFiles/cmTC_d00cd.dir/CheckIncludeFile.c.o   -c /Users/aaronkarp/Documents/Research/Summer2016/GraphingPad/opencv-2.4.13/SharedLibs/CMakeFiles/CMakeTmp/CheckIncludeFile.c
/Users/aaronkarp/Documents/Research/Summer2016/GraphingPad/opencv-2.4.13/SharedLibs/CMakeFiles/CMakeTmp/CheckIncludeFile.c:1:10: fatal error: 'sys/videoio.h' file not found
#include <sys/videoio.h>
         ^
1 error generated.
make[1]: *** [CMakeFiles/cmTC_d00cd.dir/CheckIncludeFile.c.o] Error 1
make: *** [cmTC_d00cd/fast] Error 2


Determining if the include file ffmpeg/avformat.h exists failed with the following output:
Change Dir: /Users/aaronkarp/Documents/Research/Summer2016/GraphingPad/opencv-2.4.13/SharedLibs/CMakeFiles/CMakeTmp

Run Build Command:"/usr/bin/make" "cmTC_0ea39/fast"
/Applications/Xcode.app/Contents/Developer/usr/bin/make -f CMakeFiles/cmTC_0ea39.dir/build.make CMakeFiles/cmTC_0ea39.dir/build
Building C object CMakeFiles/cmTC_0ea39.dir/CheckIncludeFile.c.o
/Applications/Xcode.app/Contents/Developer/Toolchains/XcodeDefault.xctoolchain/usr/bin/cc    -fsigned-char -W -Werror=return-type -Werror=address -Werror=sequence-point -Wformat -Werror=format-security -Wmissing-declarations -Wmissing-prototypes -Wstrict-prototypes -Wundef -Winit-self -Wpointer-arith -Wshadow -Wsign-promo -Wno-narrowing -Wno-delete-non-virtual-dtor -Wno-unnamed-type-template-args -Wno-array-bounds -fdiagnostics-show-option -Wno-long-long -Wno-semicolon-before-method-body -fno-omit-frame-pointer -msse -msse2 -msse3  -O3 -DNDEBUG   -o CMakeFiles/cmTC_0ea39.dir/CheckIncludeFile.c.o   -c /Users/aaronkarp/Documents/Research/Summer2016/GraphingPad/opencv-2.4.13/SharedLibs/CMakeFiles/CMakeTmp/CheckIncludeFile.c
/Users/aaronkarp/Documents/Research/Summer2016/GraphingPad/opencv-2.4.13/SharedLibs/CMakeFiles/CMakeTmp/CheckIncludeFile.c:1:10: fatal error: 'ffmpeg/avformat.h' file not found
#include <ffmpeg/avformat.h>
         ^
1 error generated.
make[1]: *** [CMakeFiles/cmTC_0ea39.dir/CheckIncludeFile.c.o] Error 1
make: *** [cmTC_0ea39/fast] Error 2


Determining if the include file linux/videodev.h exists failed with the following output:
Change Dir: /Users/aaronkarp/Documents/Research/Summer2016/GraphingPad/opencv-2.4.13/SharedLibs/CMakeFiles/CMakeTmp

Run Build Command:"/usr/bin/make" "cmTC_9477d/fast"
/Applications/Xcode.app/Contents/Developer/usr/bin/make -f CMakeFiles/cmTC_9477d.dir/build.make CMakeFiles/cmTC_9477d.dir/build
Building C object CMakeFiles/cmTC_9477d.dir/CheckIncludeFile.c.o
/Applications/Xcode.app/Contents/Developer/Toolchains/XcodeDefault.xctoolchain/usr/bin/cc    -fsigned-char -W -Werror=return-type -Werror=address -Werror=sequence-point -Wformat -Werror=format-security -Wmissing-declarations -Wmissing-prototypes -Wstrict-prototypes -Wundef -Winit-self -Wpointer-arith -Wshadow -Wsign-promo -Wno-narrowing -Wno-delete-non-virtual-dtor -Wno-unnamed-type-template-args -Wno-array-bounds -fdiagnostics-show-option -Wno-long-long -Wno-semicolon-before-method-body -fno-omit-frame-pointer -msse -msse2 -msse3  -O3 -DNDEBUG -arch x86_64   -o CMakeFiles/cmTC_9477d.dir/CheckIncludeFile.c.o   -c /Users/aaronkarp/Documents/Research/Summer2016/GraphingPad/opencv-2.4.13/SharedLibs/CMakeFiles/CMakeTmp/CheckIncludeFile.c
/Users/aaronkarp/Documents/Research/Summer2016/GraphingPad/opencv-2.4.13/SharedLibs/CMakeFiles/CMakeTmp/CheckIncludeFile.c:1:10: fatal error: 'linux/videodev.h' file not found
#include <linux/videodev.h>
         ^
1 error generated.
make[1]: *** [CMakeFiles/cmTC_9477d.dir/CheckIncludeFile.c.o] Error 1
make: *** [cmTC_9477d/fast] Error 2


Determining if the include file linux/videodev2.h exists failed with the following output:
Change Dir: /Users/aaronkarp/Documents/Research/Summer2016/GraphingPad/opencv-2.4.13/SharedLibs/CMakeFiles/CMakeTmp

Run Build Command:"/usr/bin/make" "cmTC_1e26c/fast"
/Applications/Xcode.app/Contents/Developer/usr/bin/make -f CMakeFiles/cmTC_1e26c.dir/build.make CMakeFiles/cmTC_1e26c.dir/build
Building C object CMakeFiles/cmTC_1e26c.dir/CheckIncludeFile.c.o
/Applications/Xcode.app/Contents/Developer/Toolchains/XcodeDefault.xctoolchain/usr/bin/cc    -fsigned-char -W -Werror=return-type -Werror=address -Werror=sequence-point -Wformat -Werror=format-security -Wmissing-declarations -Wmissing-prototypes -Wstrict-prototypes -Wundef -Winit-self -Wpointer-arith -Wshadow -Wsign-promo -Wno-narrowing -Wno-delete-non-virtual-dtor -Wno-unnamed-type-template-args -Wno-array-bounds -fdiagnostics-show-option -Wno-long-long -Wno-semicolon-before-method-body -fno-omit-frame-pointer -msse -msse2 -msse3  -O3 -DNDEBUG -arch x86_64   -o CMakeFiles/cmTC_1e26c.dir/CheckIncludeFile.c.o   -c /Users/aaronkarp/Documents/Research/Summer2016/GraphingPad/opencv-2.4.13/SharedLibs/CMakeFiles/CMakeTmp/CheckIncludeFile.c
/Users/aaronkarp/Documents/Research/Summer2016/GraphingPad/opencv-2.4.13/SharedLibs/CMakeFiles/CMakeTmp/CheckIncludeFile.c:1:10: fatal error: 'linux/videodev2.h' file not found
#include <linux/videodev2.h>
         ^
1 error generated.
make[1]: *** [CMakeFiles/cmTC_1e26c.dir/CheckIncludeFile.c.o] Error 1
make: *** [cmTC_1e26c/fast] Error 2


Determining if the include file sys/videoio.h exists failed with the following output:
Change Dir: /Users/aaronkarp/Documents/Research/Summer2016/GraphingPad/opencv-2.4.13/SharedLibs/CMakeFiles/CMakeTmp

Run Build Command:"/usr/bin/make" "cmTC_e0eb9/fast"
/Applications/Xcode.app/Contents/Developer/usr/bin/make -f CMakeFiles/cmTC_e0eb9.dir/build.make CMakeFiles/cmTC_e0eb9.dir/build
Building C object CMakeFiles/cmTC_e0eb9.dir/CheckIncludeFile.c.o
/Applications/Xcode.app/Contents/Developer/Toolchains/XcodeDefault.xctoolchain/usr/bin/cc    -fsigned-char -W -Werror=return-type -Werror=address -Werror=sequence-point -Wformat -Werror=format-security -Wmissing-declarations -Wmissing-prototypes -Wstrict-prototypes -Wundef -Winit-self -Wpointer-arith -Wshadow -Wsign-promo -Wno-narrowing -Wno-delete-non-virtual-dtor -Wno-unnamed-type-template-args -Wno-array-bounds -fdiagnostics-show-option -Wno-long-long -Wno-semicolon-before-method-body -fno-omit-frame-pointer -msse -msse2 -msse3  -O3 -DNDEBUG -arch x86_64   -o CMakeFiles/cmTC_e0eb9.dir/CheckIncludeFile.c.o   -c /Users/aaronkarp/Documents/Research/Summer2016/GraphingPad/opencv-2.4.13/SharedLibs/CMakeFiles/CMakeTmp/CheckIncludeFile.c
/Users/aaronkarp/Documents/Research/Summer2016/GraphingPad/opencv-2.4.13/SharedLibs/CMakeFiles/CMakeTmp/CheckIncludeFile.c:1:10: fatal error: 'sys/videoio.h' file not found
#include <sys/videoio.h>
         ^
1 error generated.
make[1]: *** [CMakeFiles/cmTC_e0eb9.dir/CheckIncludeFile.c.o] Error 1
make: *** [cmTC_e0eb9/fast] Error 2


